<?xml version="1.0" encoding="UTF-8"?>
<!-- Generated by org.testng.reporters.JUnitReportReporter -->
<testsuite skipped="0" hostname="IN01LAP00082" name="pageTests.LoginPageTests" tests="2" failures="0" timestamp="16 Nov 2018 02:54:57 GMT" time="19.658" errors="0">
  <testcase name="LoginWithInvalidCredentials" time="9.927" classname="pageTests.LoginPageTests"/>
  <testcase name="LoginWithValidCredentials" time="9.731" classname="pageTests.LoginPageTests"/>
</testsuite> <!-- pageTests.LoginPageTests -->
