<?xml version="1.0" encoding="UTF-8"?>
<!-- Generated by org.testng.reporters.JUnitReportReporter -->
<testsuite skipped="0" hostname="IN01LAP00082" name="pageTests.HomePageTests" tests="1" failures="0" timestamp="16 Nov 2018 03:46:14 GMT" time="15.433" errors="0">
  <testcase name="verifyAdminPage" time="15.433" classname="pageTests.HomePageTests"/>
</testsuite> <!-- pageTests.HomePageTests -->
